<?xml version="1.0" encoding="UTF-8"?>
<!-- Generated by org.testng.reporters.JUnitReportReporter -->
<testsuite skipped="0" hostname="Rajib-Samsung" name="tests.AddContactTest" tests="1" failures="0" timestamp="2019-09-14T05:12:21 CDT" time="28.192" errors="0">
  <testcase name="loginTest" time="28.192" classname="tests.AddContactTest"/>
</testsuite> <!-- tests.AddContactTest -->
