<?xml version="1.0" encoding="UTF-8"?>
<!-- Generated by org.testng.reporters.JUnitReportReporter -->
<testsuite skipped="0" hostname="Rajib-Samsung" name="tests.LoginTest" tests="1" failures="0" timestamp="2019-09-14T02:21:54 CDT" time="20.122" errors="0">
  <testcase name="loginTest" time="20.122" classname="tests.LoginTest"/>
</testsuite> <!-- tests.LoginTest -->
