<?xml version="1.0" encoding="UTF-8"?>
<!-- Generated by org.testng.reporters.JUnitReportReporter -->
<testsuite skipped="0" hostname="Rajib-Samsung" name="tests.Rdxl" tests="1" failures="0" timestamp="03 Aug 2019 09:01:23 GMT" time="2.169" errors="0">
  <testcase name="readdata" time="2.169" classname="tests.Rdxl"/>
</testsuite> <!-- tests.Rdxl -->
