<?xml version="1.0" encoding="UTF-8"?>
<!-- Generated by org.testng.reporters.JUnitReportReporter -->
<testsuite skipped="0" hostname="Rajib-Samsung" name="tests.ReadXlTest" tests="1" failures="0" timestamp="2019-09-14T02:57:12 CDT" time="2.401" errors="0">
  <testcase name="readXlTest" time="2.401" classname="tests.ReadXlTest"/>
</testsuite> <!-- tests.ReadXlTest -->
